jun 11, 2026 6:29:34 P. M. com.steam.carga.GeneradorCarga lambda$main$1
INFORMACIÓN: [CARGA] t=10s | throughput=566 req/s | latAvg=87,4ms | perdidas=0
jun 11, 2026 6:29:44 P. M. com.steam.carga.GeneradorCarga lambda$main$1
INFORMACIÓN: [CARGA] t=20s | throughput=267 req/s | latAvg=119,9ms | perdidas=0
jun 11, 2026 6:29:54 P. M. com.steam.carga.GeneradorCarga lambda$main$1
INFORMACIÓN: [CARGA] t=30s | throughput=265 req/s | latAvg=136,4ms | perdidas=0
jun 11, 2026 6:30:04 P. M. com.steam.carga.GeneradorCarga lambda$main$1
INFORMACIÓN: [CARGA] t=40s | throughput=273 req/s | latAvg=145,6ms | perdidas=0
jun 11, 2026 6:30:14 P. M. com.steam.carga.GeneradorCarga lambda$main$1
INFORMACIÓN: [CARGA] t=50s | throughput=274 req/s | latAvg=151,7ms | perdidas=0
jun 11, 2026 6:30:24 P. M. com.steam.carga.GeneradorCarga lambda$main$1
INFORMACIÓN: [CARGA] t=60s | throughput=270 req/s | latAvg=156,1ms | perdidas=0
jun 11, 2026 6:30:24 P. M. com.steam.carga.GeneradorCarga imprimirReporteFinal
INFORMACIÓN: ══════════════════════════════════════
REPORTE FINAL DE CARGA
══════════════════════════════════════
Duración           : 60s
Total peticiones   : 19177
Throughput         : 319,6 req/s
Latencia promedio  : 156,2 ms
Latencia p95       : 291 ms
Respuestas OK      : 1365
Rechazos de negocio: 17812  (sistema vivo, no es pérdida)
Pérdidas (timeout) : 0  (0,0% — tasa de pérdida)
Msgs coordinación  : 14  (Bully=10, Mutex=4)
Log guardado en    : logs/carga_1781216964321.log
══════════════════════════════════════
