[2026-05-11 13:12:27.880] [Mon May 11 13:12:27 GMT-04:00 2026] [INFO] svJuegos-1════════════════════════════════════
  Componente  : svJuegos-1
  Log archivo : logs/svJuegos-1_0.log
════════════════════════════════════
[2026-05-11 13:12:27.998] [Mon May 11 13:12:27 GMT-04:00 2026] [INFO] svJuegos-1[JUEGOS] GestorLocks daemon iniciado
[2026-05-11 13:12:27.998] [Mon May 11 13:12:27 GMT-04:00 2026] [INFO] svJuegos-1[LOCKS] Gestor de Locks (daemon) iniciado. TTL=300s
[2026-05-11 13:12:27.999] [Mon May 11 13:12:27 GMT-04:00 2026] [INFO] svJuegos-1=== svJuegos iniciado en puerto 8082 ===
[2026-05-11 13:13:57.930] [INFO   ] [svJuegos-1] ════════════════════════════════════
  Componente  : svJuegos-1
  Log archivo : logs/svJuegos-1_0.log
════════════════════════════════════
[2026-05-11 13:13:58.021] [INFO   ] [svJuegos-1] [JUEGOS] GestorLocks daemon iniciado
[2026-05-11 13:13:58.021] [INFO   ] [svJuegos-1] [LOCKS] Gestor de Locks (daemon) iniciado. TTL=300s
[2026-05-11 13:13:58.022] [INFO   ] [svJuegos-1] === svJuegos iniciado en puerto 8082 ===
[2026-05-11 13:16:15.745] [INFO   ] [svJuegos-1] ════════════════════════════════════
  Componente  : svJuegos-1
  Log archivo : logs/svJuegos-1_0.log
════════════════════════════════════
[2026-05-11 13:16:15.825] [INFO   ] [svJuegos-1] [JUEGOS] GestorLocks daemon iniciado
[2026-05-11 13:16:15.825] [INFO   ] [svJuegos-1] [LOCKS] Gestor de Locks (daemon) iniciado. TTL=300s
[2026-05-11 13:16:15.827] [INFO   ] [svJuegos-1] === svJuegos iniciado en puerto 8082 ===
[2026-05-11 13:16:21.037] [INFO   ] [svJuegos-1] ════════════════════════════════════
  Componente  : svJuegos-1
  Log archivo : logs/svJuegos-1_0.log
════════════════════════════════════
[2026-05-11 13:16:21.126] [INFO   ] [svJuegos-1] [JUEGOS] GestorLocks daemon iniciado
[2026-05-11 13:16:21.127] [INFO   ] [svJuegos-1] [LOCKS] Gestor de Locks (daemon) iniciado. TTL=300s
[2026-05-11 13:16:21.127] [INFO   ] [svJuegos-1] === svJuegos iniciado en puerto 8082 ===
[2026-05-11 13:17:32.984] [INFO   ] [svJuegos-1] [JUEGOS] op=HEALTH_CHECK rId=e4537e29-7fb6-46c5-8713-f64b46b11756
[2026-05-11 13:17:48.121] [INFO   ] [svJuegos-1] [JUEGOS] op=HEALTH_CHECK rId=e4537e29-7fb6-46c5-8713-f64b46b11756
[2026-05-11 13:18:03.140] [INFO   ] [svJuegos-1] [JUEGOS] op=HEALTH_CHECK rId=e4537e29-7fb6-46c5-8713-f64b46b11756
[2026-05-11 13:18:13.158] [INFO   ] [svJuegos-1] [JUEGOS] op=HEALTH_CHECK rId=e4537e29-7fb6-46c5-8713-f64b46b11756
[2026-05-11 13:18:23.214] [INFO   ] [svJuegos-1] [JUEGOS] op=HEALTH_CHECK rId=e4537e29-7fb6-46c5-8713-f64b46b11756
[2026-05-11 13:18:33.233] [INFO   ] [svJuegos-1] [JUEGOS] op=HEALTH_CHECK rId=e4537e29-7fb6-46c5-8713-f64b46b11756
[2026-05-11 13:18:43.301] [INFO   ] [svJuegos-1] [JUEGOS] op=HEALTH_CHECK rId=e4537e29-7fb6-46c5-8713-f64b46b11756
[2026-05-11 13:18:53.331] [INFO   ] [svJuegos-1] [JUEGOS] op=HEALTH_CHECK rId=e4537e29-7fb6-46c5-8713-f64b46b11756
[2026-05-11 13:18:56.240] [INFO   ] [svJuegos-1] [JUEGOS] op=LISTAR_JUEGOS rId=a2ab313c-23c1-4c19-b7b8-b72ab20381f2
[2026-05-11 13:19:03.351] [INFO   ] [svJuegos-1] [JUEGOS] op=HEALTH_CHECK rId=e4537e29-7fb6-46c5-8713-f64b46b11756
[2026-05-11 13:19:13.371] [INFO   ] [svJuegos-1] [JUEGOS] op=HEALTH_CHECK rId=e4537e29-7fb6-46c5-8713-f64b46b11756
[2026-05-11 13:19:20.664] [INFO   ] [svJuegos-1] [JUEGOS] op=LISTAR_JUEGOS rId=01f76720-f1ff-4d36-b8a8-d5f0b1ad59da
[2026-05-11 13:19:23.390] [INFO   ] [svJuegos-1] [JUEGOS] op=HEALTH_CHECK rId=e4537e29-7fb6-46c5-8713-f64b46b11756
[2026-05-11 13:19:25.662] [INFO   ] [svJuegos-1] [JUEGOS] op=VER_MIS_RESERVAS rId=38629cf1-99d9-43d6-99ad-1f8b32223498
[2026-05-11 13:19:29.495] [INFO   ] [svJuegos-1] [JUEGOS] op=CANCELAR_RESERVA rId=5b99cc78-95b2-4493-ab4a-bba5f3914e21
[2026-05-11 13:19:33.410] [INFO   ] [svJuegos-1] [JUEGOS] op=HEALTH_CHECK rId=e4537e29-7fb6-46c5-8713-f64b46b11756
[2026-05-11 13:19:34.235] [INFO   ] [svJuegos-1] [JUEGOS] op=VER_MIS_COMPRAS rId=59cc1c62-ea6f-4fe3-9bef-bbe4b24f317f
[2026-05-11 13:19:43.429] [INFO   ] [svJuegos-1] [JUEGOS] op=HEALTH_CHECK rId=e4537e29-7fb6-46c5-8713-f64b46b11756
[2026-05-11 13:19:53.446] [INFO   ] [svJuegos-1] [JUEGOS] op=HEALTH_CHECK rId=e4537e29-7fb6-46c5-8713-f64b46b11756
[2026-05-11 13:20:03.467] [INFO   ] [svJuegos-1] [JUEGOS] op=HEALTH_CHECK rId=e4537e29-7fb6-46c5-8713-f64b46b11756
[2026-05-11 13:20:13.486] [INFO   ] [svJuegos-1] [JUEGOS] op=HEALTH_CHECK rId=e4537e29-7fb6-46c5-8713-f64b46b11756
[2026-05-11 13:20:23.503] [INFO   ] [svJuegos-1] [JUEGOS] op=HEALTH_CHECK rId=e4537e29-7fb6-46c5-8713-f64b46b11756
[2026-05-11 13:20:33.522] [INFO   ] [svJuegos-1] [JUEGOS] op=HEALTH_CHECK rId=e4537e29-7fb6-46c5-8713-f64b46b11756
[2026-05-11 13:20:43.547] [INFO   ] [svJuegos-1] [JUEGOS] op=HEALTH_CHECK rId=e4537e29-7fb6-46c5-8713-f64b46b11756
[2026-05-11 13:20:53.565] [INFO   ] [svJuegos-1] [JUEGOS] op=HEALTH_CHECK rId=e4537e29-7fb6-46c5-8713-f64b46b11756
[2026-05-11 13:21:03.583] [INFO   ] [svJuegos-1] [JUEGOS] op=HEALTH_CHECK rId=e4537e29-7fb6-46c5-8713-f64b46b11756
[2026-05-11 13:21:13.600] [INFO   ] [svJuegos-1] [JUEGOS] op=HEALTH_CHECK rId=e4537e29-7fb6-46c5-8713-f64b46b11756
[2026-05-11 13:21:23.619] [INFO   ] [svJuegos-1] [JUEGOS] op=HEALTH_CHECK rId=e4537e29-7fb6-46c5-8713-f64b46b11756
[2026-05-11 13:21:33.634] [INFO   ] [svJuegos-1] [JUEGOS] op=HEALTH_CHECK rId=e4537e29-7fb6-46c5-8713-f64b46b11756
[2026-05-11 13:21:43.651] [INFO   ] [svJuegos-1] [JUEGOS] op=HEALTH_CHECK rId=e4537e29-7fb6-46c5-8713-f64b46b11756
[2026-05-11 13:21:53.668] [INFO   ] [svJuegos-1] [JUEGOS] op=HEALTH_CHECK rId=e4537e29-7fb6-46c5-8713-f64b46b11756
[2026-05-11 13:22:03.684] [INFO   ] [svJuegos-1] [JUEGOS] op=HEALTH_CHECK rId=e4537e29-7fb6-46c5-8713-f64b46b11756
[2026-05-11 13:22:13.699] [INFO   ] [svJuegos-1] [JUEGOS] op=HEALTH_CHECK rId=e4537e29-7fb6-46c5-8713-f64b46b11756
[2026-05-11 13:22:23.714] [INFO   ] [svJuegos-1] [JUEGOS] op=HEALTH_CHECK rId=e4537e29-7fb6-46c5-8713-f64b46b11756
[2026-05-11 13:22:33.731] [INFO   ] [svJuegos-1] [JUEGOS] op=HEALTH_CHECK rId=e4537e29-7fb6-46c5-8713-f64b46b11756
[2026-05-11 13:22:43.745] [INFO   ] [svJuegos-1] [JUEGOS] op=HEALTH_CHECK rId=e4537e29-7fb6-46c5-8713-f64b46b11756
[2026-05-11 13:22:48.365] [INFO   ] [svJuegos-1] [JUEGOS] op=LISTAR_JUEGOS rId=edfdb12e-8484-4271-a454-107d897ac3ea
[2026-05-11 13:22:53.758] [INFO   ] [svJuegos-1] [JUEGOS] op=HEALTH_CHECK rId=e4537e29-7fb6-46c5-8713-f64b46b11756
[2026-05-11 13:22:58.059] [INFO   ] [svJuegos-1] [JUEGOS] op=VER_HISTORIAL rId=ad197c55-7f65-4184-b033-b87e4456cf81
[2026-05-11 13:23:03.774] [INFO   ] [svJuegos-1] [JUEGOS] op=HEALTH_CHECK rId=e4537e29-7fb6-46c5-8713-f64b46b11756
[2026-05-11 13:23:13.788] [INFO   ] [svJuegos-1] [JUEGOS] op=HEALTH_CHECK rId=e4537e29-7fb6-46c5-8713-f64b46b11756
[2026-05-11 13:23:23.802] [INFO   ] [svJuegos-1] [JUEGOS] op=HEALTH_CHECK rId=e4537e29-7fb6-46c5-8713-f64b46b11756
[2026-05-11 13:23:27.337] [INFO   ] [svJuegos-1] [JUEGOS] op=LISTAR_JUEGOS rId=7b5e5c32-78e5-4347-81f0-a413d78065b6
[2026-05-11 13:23:33.816] [INFO   ] [svJuegos-1] [JUEGOS] op=HEALTH_CHECK rId=e4537e29-7fb6-46c5-8713-f64b46b11756
[2026-05-11 13:23:43.829] [INFO   ] [svJuegos-1] [JUEGOS] op=HEALTH_CHECK rId=e4537e29-7fb6-46c5-8713-f64b46b11756
[2026-05-11 13:23:52.336] [INFO   ] [svJuegos-1] [JUEGOS] op=PUBLICAR_JUEGO rId=982007a6-3140-48c8-8b49-b52491bf1d15
[2026-05-11 13:23:53.842] [INFO   ] [svJuegos-1] [JUEGOS] op=HEALTH_CHECK rId=e4537e29-7fb6-46c5-8713-f64b46b11756
[2026-05-11 13:24:03.856] [INFO   ] [svJuegos-1] [JUEGOS] op=HEALTH_CHECK rId=e4537e29-7fb6-46c5-8713-f64b46b11756
[2026-05-11 13:24:13.870] [INFO   ] [svJuegos-1] [JUEGOS] op=HEALTH_CHECK rId=e4537e29-7fb6-46c5-8713-f64b46b11756
[2026-05-11 13:24:21.156] [INFO   ] [svJuegos-1] [JUEGOS] op=LISTAR_JUEGOS rId=36dbeb15-e865-49fc-bb10-47f4a4f31b3e
[2026-05-11 13:24:23.884] [INFO   ] [svJuegos-1] [JUEGOS] op=HEALTH_CHECK rId=e4537e29-7fb6-46c5-8713-f64b46b11756
[2026-05-11 13:24:33.897] [INFO   ] [svJuegos-1] [JUEGOS] op=HEALTH_CHECK rId=e4537e29-7fb6-46c5-8713-f64b46b11756
[2026-05-11 13:24:43.911] [INFO   ] [svJuegos-1] [JUEGOS] op=HEALTH_CHECK rId=e4537e29-7fb6-46c5-8713-f64b46b11756
[2026-05-11 13:24:53.925] [INFO   ] [svJuegos-1] [JUEGOS] op=HEALTH_CHECK rId=e4537e29-7fb6-46c5-8713-f64b46b11756
[2026-05-11 13:25:03.938] [INFO   ] [svJuegos-1] [JUEGOS] op=HEALTH_CHECK rId=e4537e29-7fb6-46c5-8713-f64b46b11756
[2026-05-11 13:25:13.951] [INFO   ] [svJuegos-1] [JUEGOS] op=HEALTH_CHECK rId=e4537e29-7fb6-46c5-8713-f64b46b11756
[2026-05-11 13:25:23.963] [INFO   ] [svJuegos-1] [JUEGOS] op=HEALTH_CHECK rId=e4537e29-7fb6-46c5-8713-f64b46b11756
[2026-05-11 13:25:33.976] [INFO   ] [svJuegos-1] [JUEGOS] op=HEALTH_CHECK rId=e4537e29-7fb6-46c5-8713-f64b46b11756
[2026-05-11 13:25:40.096] [INFO   ] [svJuegos-1] [JUEGOS] op=LISTAR_JUEGOS rId=93f4d7f9-196e-47f2-afb1-292ba018f646
[2026-05-11 13:25:43.988] [INFO   ] [svJuegos-1] [JUEGOS] op=HEALTH_CHECK rId=e4537e29-7fb6-46c5-8713-f64b46b11756
[2026-05-11 13:25:54.000] [INFO   ] [svJuegos-1] [JUEGOS] op=HEALTH_CHECK rId=e4537e29-7fb6-46c5-8713-f64b46b11756
[2026-05-11 13:26:04.021] [INFO   ] [svJuegos-1] [JUEGOS] op=HEALTH_CHECK rId=e4537e29-7fb6-46c5-8713-f64b46b11756
[2026-05-11 13:26:14.038] [INFO   ] [svJuegos-1] [JUEGOS] op=HEALTH_CHECK rId=e4537e29-7fb6-46c5-8713-f64b46b11756
[2026-05-11 13:26:24.051] [INFO   ] [svJuegos-1] [JUEGOS] op=HEALTH_CHECK rId=e4537e29-7fb6-46c5-8713-f64b46b11756
[2026-05-11 13:26:34.066] [INFO   ] [svJuegos-1] [JUEGOS] op=HEALTH_CHECK rId=e4537e29-7fb6-46c5-8713-f64b46b11756
[2026-05-11 13:26:44.092] [INFO   ] [svJuegos-1] [JUEGOS] op=HEALTH_CHECK rId=e4537e29-7fb6-46c5-8713-f64b46b11756
[2026-05-11 13:26:54.113] [INFO   ] [svJuegos-1] [JUEGOS] op=HEALTH_CHECK rId=e4537e29-7fb6-46c5-8713-f64b46b11756
[2026-05-11 13:27:04.138] [INFO   ] [svJuegos-1] [JUEGOS] op=HEALTH_CHECK rId=e4537e29-7fb6-46c5-8713-f64b46b11756
[2026-05-11 13:27:14.159] [INFO   ] [svJuegos-1] [JUEGOS] op=HEALTH_CHECK rId=e4537e29-7fb6-46c5-8713-f64b46b11756
[2026-05-11 13:27:24.172] [INFO   ] [svJuegos-1] [JUEGOS] op=HEALTH_CHECK rId=e4537e29-7fb6-46c5-8713-f64b46b11756
[2026-05-11 13:27:44.202] [INFO   ] [svJuegos-1] [JUEGOS] op=HEALTH_CHECK rId=e4537e29-7fb6-46c5-8713-f64b46b11756
[2026-05-11 13:28:04.227] [INFO   ] [svJuegos-1] [JUEGOS] op=HEALTH_CHECK rId=e4537e29-7fb6-46c5-8713-f64b46b11756
[2026-05-11 13:28:24.243] [INFO   ] [svJuegos-1] [JUEGOS] op=HEALTH_CHECK rId=e4537e29-7fb6-46c5-8713-f64b46b11756
[2026-05-11 13:28:44.258] [INFO   ] [svJuegos-1] [JUEGOS] op=HEALTH_CHECK rId=e4537e29-7fb6-46c5-8713-f64b46b11756
[2026-05-11 13:29:00.560] [INFO   ] [svJuegos-1] [JUEGOS] op=HEALTH_CHECK rId=e4537e29-7fb6-46c5-8713-f64b46b11756
[2026-05-11 13:29:15.574] [INFO   ] [svJuegos-1] [JUEGOS] op=HEALTH_CHECK rId=e4537e29-7fb6-46c5-8713-f64b46b11756
[2026-05-11 13:29:40.582] [INFO   ] [svJuegos-1] [JUEGOS] op=HEALTH_CHECK rId=fdd0153b-469d-4459-93bc-a04c7e75268e
[2026-05-11 13:29:55.599] [INFO   ] [svJuegos-1] [JUEGOS] op=HEALTH_CHECK rId=fdd0153b-469d-4459-93bc-a04c7e75268e
[2026-05-11 13:30:00.870] [INFO   ] [svJuegos-1] [JUEGOS] op=LISTAR_JUEGOS rId=29cb12bf-326a-47e1-ad8e-37a4d4496de1
[2026-05-11 13:30:10.615] [INFO   ] [svJuegos-1] [JUEGOS] op=HEALTH_CHECK rId=fdd0153b-469d-4459-93bc-a04c7e75268e
[2026-05-11 13:30:11.197] [INFO   ] [svJuegos-1] [JUEGOS] op=COMPRAR_JUEGO rId=2208f832-e8b0-4258-acbf-ad7775c6f1ce
[2026-05-11 13:30:24.423] [INFO   ] [svJuegos-1] [JUEGOS] op=CONFIRMAR_PAGO rId=8cc1767b-83fd-44b3-ad0f-4dfe62d10d42
[2026-05-11 13:30:25.630] [INFO   ] [svJuegos-1] [JUEGOS] op=HEALTH_CHECK rId=fdd0153b-469d-4459-93bc-a04c7e75268e
[2026-05-11 13:30:29.890] [INFO   ] [svJuegos-1] [JUEGOS] op=COMPRAR_JUEGO rId=0266a794-fa14-4337-aa12-8864b352d1c9
[2026-05-11 13:30:37.057] [INFO   ] [svJuegos-1] [JUEGOS] op=CANCELAR_RESERVA rId=146bd378-cd96-4ab5-9e65-6955b6a34778
[2026-05-11 13:30:40.646] [INFO   ] [svJuegos-1] [JUEGOS] op=HEALTH_CHECK rId=fdd0153b-469d-4459-93bc-a04c7e75268e
[2026-05-11 13:30:55.659] [INFO   ] [svJuegos-1] [JUEGOS] op=HEALTH_CHECK rId=fdd0153b-469d-4459-93bc-a04c7e75268e
[2026-05-11 13:31:10.673] [INFO   ] [svJuegos-1] [JUEGOS] op=HEALTH_CHECK rId=fdd0153b-469d-4459-93bc-a04c7e75268e
[2026-05-11 13:31:25.697] [INFO   ] [svJuegos-1] [JUEGOS] op=HEALTH_CHECK rId=fdd0153b-469d-4459-93bc-a04c7e75268e
[2026-05-11 13:31:40.724] [INFO   ] [svJuegos-1] [JUEGOS] op=HEALTH_CHECK rId=fdd0153b-469d-4459-93bc-a04c7e75268e
[2026-05-11 13:31:55.738] [INFO   ] [svJuegos-1] [JUEGOS] op=HEALTH_CHECK rId=fdd0153b-469d-4459-93bc-a04c7e75268e
[2026-05-11 13:32:10.751] [INFO   ] [svJuegos-1] [JUEGOS] op=HEALTH_CHECK rId=fdd0153b-469d-4459-93bc-a04c7e75268e
[2026-05-11 13:32:25.393] [INFO   ] [svJuegos-1] [JUEGOS] op=HEALTH_CHECK rId=fdd0153b-469d-4459-93bc-a04c7e75268e
[2026-05-11 13:34:15.971] [INFO   ] [svJuegos-1] [JUEGOS] op=HEALTH_CHECK rId=675d0baf-7b50-4954-8379-40a003694d9a
[2026-05-11 13:34:25.985] [INFO   ] [svJuegos-1] [JUEGOS] op=HEALTH_CHECK rId=675d0baf-7b50-4954-8379-40a003694d9a
[2026-05-11 13:34:36.042] [INFO   ] [svJuegos-1] [JUEGOS] op=HEALTH_CHECK rId=675d0baf-7b50-4954-8379-40a003694d9a
[2026-05-11 13:34:46.055] [INFO   ] [svJuegos-1] [JUEGOS] op=HEALTH_CHECK rId=675d0baf-7b50-4954-8379-40a003694d9a
[2026-05-11 13:34:56.068] [INFO   ] [svJuegos-1] [JUEGOS] op=HEALTH_CHECK rId=675d0baf-7b50-4954-8379-40a003694d9a
[2026-05-11 13:35:06.082] [INFO   ] [svJuegos-1] [JUEGOS] op=HEALTH_CHECK rId=675d0baf-7b50-4954-8379-40a003694d9a
[2026-05-11 13:35:16.095] [INFO   ] [svJuegos-1] [JUEGOS] op=HEALTH_CHECK rId=675d0baf-7b50-4954-8379-40a003694d9a
[2026-05-11 13:35:24.515] [INFO   ] [svJuegos-1] [JUEGOS] op=VER_ESTADISTICAS rId=b04830a3-aaf9-4ce1-be13-4e979bbf0e55
[2026-05-11 13:35:26.106] [INFO   ] [svJuegos-1] [JUEGOS] op=HEALTH_CHECK rId=675d0baf-7b50-4954-8379-40a003694d9a
[2026-05-11 13:35:36.119] [INFO   ] [svJuegos-1] [JUEGOS] op=HEALTH_CHECK rId=675d0baf-7b50-4954-8379-40a003694d9a
[2026-05-11 13:35:46.133] [INFO   ] [svJuegos-1] [JUEGOS] op=HEALTH_CHECK rId=675d0baf-7b50-4954-8379-40a003694d9a
[2026-05-11 13:35:56.147] [INFO   ] [svJuegos-1] [JUEGOS] op=HEALTH_CHECK rId=675d0baf-7b50-4954-8379-40a003694d9a
[2026-05-11 13:36:06.159] [INFO   ] [svJuegos-1] [JUEGOS] op=HEALTH_CHECK rId=675d0baf-7b50-4954-8379-40a003694d9a
[2026-05-11 13:36:16.171] [INFO   ] [svJuegos-1] [JUEGOS] op=HEALTH_CHECK rId=675d0baf-7b50-4954-8379-40a003694d9a
