[2026-05-11 13:16:32.804] [INFO   ] [svJuegos-2] ════════════════════════════════════
  Componente  : svJuegos-2
  Log archivo : logs/svJuegos-2_0.log
════════════════════════════════════
[2026-05-11 13:16:32.894] [INFO   ] [svJuegos-2] [JUEGOS] GestorLocks daemon iniciado
[2026-05-11 13:16:32.894] [INFO   ] [svJuegos-2] [LOCKS] Gestor de Locks (daemon) iniciado. TTL=300s
[2026-05-11 13:16:32.895] [INFO   ] [svJuegos-2] === svJuegos iniciado en puerto 8282 ===
[2026-05-11 13:17:33.025] [INFO   ] [svJuegos-2] [JUEGOS] op=HEALTH_CHECK rId=e4537e29-7fb6-46c5-8713-f64b46b11756
[2026-05-11 13:17:48.123] [INFO   ] [svJuegos-2] [JUEGOS] op=HEALTH_CHECK rId=e4537e29-7fb6-46c5-8713-f64b46b11756
[2026-05-11 13:18:03.143] [INFO   ] [svJuegos-2] [JUEGOS] op=HEALTH_CHECK rId=e4537e29-7fb6-46c5-8713-f64b46b11756
[2026-05-11 13:18:13.162] [INFO   ] [svJuegos-2] [JUEGOS] op=HEALTH_CHECK rId=e4537e29-7fb6-46c5-8713-f64b46b11756
[2026-05-11 13:18:23.217] [INFO   ] [svJuegos-2] [JUEGOS] op=HEALTH_CHECK rId=e4537e29-7fb6-46c5-8713-f64b46b11756
[2026-05-11 13:18:33.236] [INFO   ] [svJuegos-2] [JUEGOS] op=HEALTH_CHECK rId=e4537e29-7fb6-46c5-8713-f64b46b11756
[2026-05-11 13:18:43.303] [INFO   ] [svJuegos-2] [JUEGOS] op=HEALTH_CHECK rId=e4537e29-7fb6-46c5-8713-f64b46b11756
[2026-05-11 13:18:53.334] [INFO   ] [svJuegos-2] [JUEGOS] op=HEALTH_CHECK rId=e4537e29-7fb6-46c5-8713-f64b46b11756
[2026-05-11 13:19:03.355] [INFO   ] [svJuegos-2] [JUEGOS] op=HEALTH_CHECK rId=e4537e29-7fb6-46c5-8713-f64b46b11756
[2026-05-11 13:19:13.374] [INFO   ] [svJuegos-2] [JUEGOS] op=HEALTH_CHECK rId=e4537e29-7fb6-46c5-8713-f64b46b11756
[2026-05-11 13:19:13.520] [INFO   ] [svJuegos-2] [JUEGOS] op=COMPRAR_JUEGO rId=9afb5247-19d9-4146-bf8e-6f3fa37f0079
[2026-05-11 13:19:21.008] [INFO   ] [svJuegos-2] [JUEGOS] op=COMPRAR_JUEGO rId=eebecc59-a91a-46e1-9b36-8dcd6575ae6c
[2026-05-11 13:19:23.393] [INFO   ] [svJuegos-2] [JUEGOS] op=HEALTH_CHECK rId=e4537e29-7fb6-46c5-8713-f64b46b11756
[2026-05-11 13:19:27.283] [INFO   ] [svJuegos-2] [JUEGOS] op=VER_MIS_RESERVAS rId=cc4af778-90ee-4bc4-a666-37c31e523c5e
[2026-05-11 13:19:31.449] [INFO   ] [svJuegos-2] [JUEGOS] op=VER_SALDO rId=733ed502-7528-41e8-b5f0-31760d52059d
[2026-05-11 13:19:33.413] [INFO   ] [svJuegos-2] [JUEGOS] op=HEALTH_CHECK rId=e4537e29-7fb6-46c5-8713-f64b46b11756
[2026-05-11 13:19:43.432] [INFO   ] [svJuegos-2] [JUEGOS] op=HEALTH_CHECK rId=e4537e29-7fb6-46c5-8713-f64b46b11756
[2026-05-11 13:19:53.449] [INFO   ] [svJuegos-2] [JUEGOS] op=HEALTH_CHECK rId=e4537e29-7fb6-46c5-8713-f64b46b11756
[2026-05-11 13:20:03.470] [INFO   ] [svJuegos-2] [JUEGOS] op=HEALTH_CHECK rId=e4537e29-7fb6-46c5-8713-f64b46b11756
[2026-05-11 13:20:13.489] [INFO   ] [svJuegos-2] [JUEGOS] op=HEALTH_CHECK rId=e4537e29-7fb6-46c5-8713-f64b46b11756
[2026-05-11 13:20:23.506] [INFO   ] [svJuegos-2] [JUEGOS] op=HEALTH_CHECK rId=e4537e29-7fb6-46c5-8713-f64b46b11756
[2026-05-11 13:20:33.525] [INFO   ] [svJuegos-2] [JUEGOS] op=HEALTH_CHECK rId=e4537e29-7fb6-46c5-8713-f64b46b11756
[2026-05-11 13:20:43.549] [INFO   ] [svJuegos-2] [JUEGOS] op=HEALTH_CHECK rId=e4537e29-7fb6-46c5-8713-f64b46b11756
[2026-05-11 13:20:53.567] [INFO   ] [svJuegos-2] [JUEGOS] op=HEALTH_CHECK rId=e4537e29-7fb6-46c5-8713-f64b46b11756
[2026-05-11 13:21:03.585] [INFO   ] [svJuegos-2] [JUEGOS] op=HEALTH_CHECK rId=e4537e29-7fb6-46c5-8713-f64b46b11756
[2026-05-11 13:21:13.602] [INFO   ] [svJuegos-2] [JUEGOS] op=HEALTH_CHECK rId=e4537e29-7fb6-46c5-8713-f64b46b11756
[2026-05-11 13:21:23.621] [INFO   ] [svJuegos-2] [JUEGOS] op=HEALTH_CHECK rId=e4537e29-7fb6-46c5-8713-f64b46b11756
[2026-05-11 13:21:33.638] [INFO   ] [svJuegos-2] [JUEGOS] op=HEALTH_CHECK rId=e4537e29-7fb6-46c5-8713-f64b46b11756
[2026-05-11 13:21:43.654] [INFO   ] [svJuegos-2] [JUEGOS] op=HEALTH_CHECK rId=e4537e29-7fb6-46c5-8713-f64b46b11756
[2026-05-11 13:21:53.670] [INFO   ] [svJuegos-2] [JUEGOS] op=HEALTH_CHECK rId=e4537e29-7fb6-46c5-8713-f64b46b11756
[2026-05-11 13:22:03.686] [INFO   ] [svJuegos-2] [JUEGOS] op=HEALTH_CHECK rId=e4537e29-7fb6-46c5-8713-f64b46b11756
[2026-05-11 13:22:13.701] [INFO   ] [svJuegos-2] [JUEGOS] op=HEALTH_CHECK rId=e4537e29-7fb6-46c5-8713-f64b46b11756
[2026-05-11 13:22:23.716] [INFO   ] [svJuegos-2] [JUEGOS] op=HEALTH_CHECK rId=e4537e29-7fb6-46c5-8713-f64b46b11756
[2026-05-11 13:22:28.344] [INFO   ] [svJuegos-2] [JUEGOS] op=LISTAR_JUEGOS rId=87bb69d3-231f-4eb1-95e8-ca4bc7dd8c6e
[2026-05-11 13:22:33.732] [INFO   ] [svJuegos-2] [JUEGOS] op=HEALTH_CHECK rId=e4537e29-7fb6-46c5-8713-f64b46b11756
[2026-05-11 13:22:43.746] [INFO   ] [svJuegos-2] [JUEGOS] op=HEALTH_CHECK rId=e4537e29-7fb6-46c5-8713-f64b46b11756
[2026-05-11 13:22:53.760] [INFO   ] [svJuegos-2] [JUEGOS] op=HEALTH_CHECK rId=e4537e29-7fb6-46c5-8713-f64b46b11756
[2026-05-11 13:22:55.106] [INFO   ] [svJuegos-2] [JUEGOS] op=VER_ESTADISTICAS rId=0a308dd4-2419-4ea6-93a1-57a1bdd34721
[2026-05-11 13:23:03.776] [INFO   ] [svJuegos-2] [JUEGOS] op=HEALTH_CHECK rId=e4537e29-7fb6-46c5-8713-f64b46b11756
[2026-05-11 13:23:10.006] [INFO   ] [svJuegos-2] [JUEGOS] op=ELIMINAR_JUEGO rId=82747d42-e9a4-4584-94cf-6f805525b7ed
[2026-05-11 13:23:13.791] [INFO   ] [svJuegos-2] [JUEGOS] op=HEALTH_CHECK rId=e4537e29-7fb6-46c5-8713-f64b46b11756
[2026-05-11 13:23:23.804] [INFO   ] [svJuegos-2] [JUEGOS] op=HEALTH_CHECK rId=e4537e29-7fb6-46c5-8713-f64b46b11756
[2026-05-11 13:23:28.729] [INFO   ] [svJuegos-2] [JUEGOS] op=VER_MIS_JUEGOS rId=3444d36e-863c-4e2a-a29f-7965db2aa83a
[2026-05-11 13:23:33.818] [INFO   ] [svJuegos-2] [JUEGOS] op=HEALTH_CHECK rId=e4537e29-7fb6-46c5-8713-f64b46b11756
[2026-05-11 13:23:43.830] [INFO   ] [svJuegos-2] [JUEGOS] op=HEALTH_CHECK rId=e4537e29-7fb6-46c5-8713-f64b46b11756
[2026-05-11 13:23:53.844] [INFO   ] [svJuegos-2] [JUEGOS] op=HEALTH_CHECK rId=e4537e29-7fb6-46c5-8713-f64b46b11756
[2026-05-11 13:24:03.858] [INFO   ] [svJuegos-2] [JUEGOS] op=HEALTH_CHECK rId=e4537e29-7fb6-46c5-8713-f64b46b11756
[2026-05-11 13:24:13.871] [INFO   ] [svJuegos-2] [JUEGOS] op=HEALTH_CHECK rId=e4537e29-7fb6-46c5-8713-f64b46b11756
[2026-05-11 13:24:19.470] [INFO   ] [svJuegos-2] [JUEGOS] op=MODIFICAR_JUEGO rId=7a946005-e233-4118-9391-93aaece58fb0
[2026-05-11 13:24:23.886] [INFO   ] [svJuegos-2] [JUEGOS] op=HEALTH_CHECK rId=e4537e29-7fb6-46c5-8713-f64b46b11756
[2026-05-11 13:24:33.899] [INFO   ] [svJuegos-2] [JUEGOS] op=HEALTH_CHECK rId=e4537e29-7fb6-46c5-8713-f64b46b11756
[2026-05-11 13:24:43.912] [INFO   ] [svJuegos-2] [JUEGOS] op=HEALTH_CHECK rId=e4537e29-7fb6-46c5-8713-f64b46b11756
[2026-05-11 13:24:53.927] [INFO   ] [svJuegos-2] [JUEGOS] op=HEALTH_CHECK rId=e4537e29-7fb6-46c5-8713-f64b46b11756
[2026-05-11 13:25:03.940] [INFO   ] [svJuegos-2] [JUEGOS] op=HEALTH_CHECK rId=e4537e29-7fb6-46c5-8713-f64b46b11756
[2026-05-11 13:25:13.952] [INFO   ] [svJuegos-2] [JUEGOS] op=HEALTH_CHECK rId=e4537e29-7fb6-46c5-8713-f64b46b11756
[2026-05-11 13:25:23.965] [INFO   ] [svJuegos-2] [JUEGOS] op=HEALTH_CHECK rId=e4537e29-7fb6-46c5-8713-f64b46b11756
[2026-05-11 13:25:33.977] [INFO   ] [svJuegos-2] [JUEGOS] op=HEALTH_CHECK rId=e4537e29-7fb6-46c5-8713-f64b46b11756
[2026-05-11 13:25:38.994] [INFO   ] [svJuegos-2] [JUEGOS] op=MODIFICAR_JUEGO rId=9c90a49a-e641-43ba-a57c-b320975364e9
[2026-05-11 13:25:43.990] [INFO   ] [svJuegos-2] [JUEGOS] op=HEALTH_CHECK rId=e4537e29-7fb6-46c5-8713-f64b46b11756
[2026-05-11 13:25:54.002] [INFO   ] [svJuegos-2] [JUEGOS] op=HEALTH_CHECK rId=e4537e29-7fb6-46c5-8713-f64b46b11756
[2026-05-11 13:26:04.023] [INFO   ] [svJuegos-2] [JUEGOS] op=HEALTH_CHECK rId=e4537e29-7fb6-46c5-8713-f64b46b11756
[2026-05-11 13:26:14.040] [INFO   ] [svJuegos-2] [JUEGOS] op=HEALTH_CHECK rId=e4537e29-7fb6-46c5-8713-f64b46b11756
[2026-05-11 13:26:24.053] [INFO   ] [svJuegos-2] [JUEGOS] op=HEALTH_CHECK rId=e4537e29-7fb6-46c5-8713-f64b46b11756
[2026-05-11 13:26:34.068] [INFO   ] [svJuegos-2] [JUEGOS] op=HEALTH_CHECK rId=e4537e29-7fb6-46c5-8713-f64b46b11756
[2026-05-11 13:26:44.093] [INFO   ] [svJuegos-2] [JUEGOS] op=HEALTH_CHECK rId=e4537e29-7fb6-46c5-8713-f64b46b11756
[2026-05-11 13:26:54.116] [INFO   ] [svJuegos-2] [JUEGOS] op=HEALTH_CHECK rId=e4537e29-7fb6-46c5-8713-f64b46b11756
[2026-05-11 13:27:04.140] [INFO   ] [svJuegos-2] [JUEGOS] op=HEALTH_CHECK rId=e4537e29-7fb6-46c5-8713-f64b46b11756
[2026-05-11 13:27:14.160] [INFO   ] [svJuegos-2] [JUEGOS] op=HEALTH_CHECK rId=e4537e29-7fb6-46c5-8713-f64b46b11756
[2026-05-11 13:27:24.174] [INFO   ] [svJuegos-2] [JUEGOS] op=HEALTH_CHECK rId=e4537e29-7fb6-46c5-8713-f64b46b11756
[2026-05-11 13:27:44.204] [INFO   ] [svJuegos-2] [JUEGOS] op=HEALTH_CHECK rId=e4537e29-7fb6-46c5-8713-f64b46b11756
[2026-05-11 13:28:04.231] [INFO   ] [svJuegos-2] [JUEGOS] op=HEALTH_CHECK rId=e4537e29-7fb6-46c5-8713-f64b46b11756
[2026-05-11 13:28:24.245] [INFO   ] [svJuegos-2] [JUEGOS] op=HEALTH_CHECK rId=e4537e29-7fb6-46c5-8713-f64b46b11756
[2026-05-11 13:28:44.260] [INFO   ] [svJuegos-2] [JUEGOS] op=HEALTH_CHECK rId=e4537e29-7fb6-46c5-8713-f64b46b11756
[2026-05-11 13:29:00.561] [INFO   ] [svJuegos-2] [JUEGOS] op=HEALTH_CHECK rId=e4537e29-7fb6-46c5-8713-f64b46b11756
[2026-05-11 13:29:15.576] [INFO   ] [svJuegos-2] [JUEGOS] op=HEALTH_CHECK rId=e4537e29-7fb6-46c5-8713-f64b46b11756
[2026-05-11 13:29:40.584] [INFO   ] [svJuegos-2] [JUEGOS] op=HEALTH_CHECK rId=fdd0153b-469d-4459-93bc-a04c7e75268e
[2026-05-11 13:29:55.601] [INFO   ] [svJuegos-2] [JUEGOS] op=HEALTH_CHECK rId=fdd0153b-469d-4459-93bc-a04c7e75268e
[2026-05-11 13:30:08.662] [INFO   ] [svJuegos-2] [JUEGOS] op=LISTAR_JUEGOS rId=2320737c-92ba-4736-bc53-5d60d36fee84
[2026-05-11 13:30:10.618] [INFO   ] [svJuegos-2] [JUEGOS] op=HEALTH_CHECK rId=fdd0153b-469d-4459-93bc-a04c7e75268e
[2026-05-11 13:30:17.488] [INFO   ] [svJuegos-2] [JUEGOS] op=VER_MIS_RESERVAS rId=ab25bb56-af56-4c6e-a995-73eede4d5c52
[2026-05-11 13:30:25.632] [INFO   ] [svJuegos-2] [JUEGOS] op=HEALTH_CHECK rId=fdd0153b-469d-4459-93bc-a04c7e75268e
[2026-05-11 13:30:29.115] [INFO   ] [svJuegos-2] [JUEGOS] op=LISTAR_JUEGOS rId=df817535-c221-4a88-9ca2-b3bc3d1c65c5
[2026-05-11 13:30:33.880] [INFO   ] [svJuegos-2] [JUEGOS] op=VER_MIS_RESERVAS rId=537b2a9b-54e6-491b-9cf4-a6d9e9a379c9
[2026-05-11 13:30:40.648] [INFO   ] [svJuegos-2] [JUEGOS] op=HEALTH_CHECK rId=fdd0153b-469d-4459-93bc-a04c7e75268e
[2026-05-11 13:30:55.661] [INFO   ] [svJuegos-2] [JUEGOS] op=HEALTH_CHECK rId=fdd0153b-469d-4459-93bc-a04c7e75268e
[2026-05-11 13:31:10.674] [INFO   ] [svJuegos-2] [JUEGOS] op=HEALTH_CHECK rId=fdd0153b-469d-4459-93bc-a04c7e75268e
[2026-05-11 13:31:25.699] [INFO   ] [svJuegos-2] [JUEGOS] op=HEALTH_CHECK rId=fdd0153b-469d-4459-93bc-a04c7e75268e
[2026-05-11 13:31:40.727] [INFO   ] [svJuegos-2] [JUEGOS] op=HEALTH_CHECK rId=fdd0153b-469d-4459-93bc-a04c7e75268e
[2026-05-11 13:31:55.740] [INFO   ] [svJuegos-2] [JUEGOS] op=HEALTH_CHECK rId=fdd0153b-469d-4459-93bc-a04c7e75268e
[2026-05-11 13:32:10.753] [INFO   ] [svJuegos-2] [JUEGOS] op=HEALTH_CHECK rId=fdd0153b-469d-4459-93bc-a04c7e75268e
[2026-05-11 13:32:25.394] [INFO   ] [svJuegos-2] [JUEGOS] op=HEALTH_CHECK rId=fdd0153b-469d-4459-93bc-a04c7e75268e
[2026-05-11 13:34:15.978] [INFO   ] [svJuegos-2] [JUEGOS] op=HEALTH_CHECK rId=675d0baf-7b50-4954-8379-40a003694d9a
[2026-05-11 13:34:25.987] [INFO   ] [svJuegos-2] [JUEGOS] op=HEALTH_CHECK rId=675d0baf-7b50-4954-8379-40a003694d9a
[2026-05-11 13:34:36.043] [INFO   ] [svJuegos-2] [JUEGOS] op=HEALTH_CHECK rId=675d0baf-7b50-4954-8379-40a003694d9a
[2026-05-11 13:34:46.057] [INFO   ] [svJuegos-2] [JUEGOS] op=HEALTH_CHECK rId=675d0baf-7b50-4954-8379-40a003694d9a
[2026-05-11 13:34:56.070] [INFO   ] [svJuegos-2] [JUEGOS] op=HEALTH_CHECK rId=675d0baf-7b50-4954-8379-40a003694d9a
[2026-05-11 13:35:06.084] [INFO   ] [svJuegos-2] [JUEGOS] op=HEALTH_CHECK rId=675d0baf-7b50-4954-8379-40a003694d9a
[2026-05-11 13:35:16.096] [INFO   ] [svJuegos-2] [JUEGOS] op=HEALTH_CHECK rId=675d0baf-7b50-4954-8379-40a003694d9a
[2026-05-11 13:35:26.110] [INFO   ] [svJuegos-2] [JUEGOS] op=HEALTH_CHECK rId=675d0baf-7b50-4954-8379-40a003694d9a
[2026-05-11 13:35:36.121] [INFO   ] [svJuegos-2] [JUEGOS] op=HEALTH_CHECK rId=675d0baf-7b50-4954-8379-40a003694d9a
[2026-05-11 13:35:44.654] [INFO   ] [svJuegos-2] [JUEGOS] op=LISTAR_JUEGOS rId=2c25a904-2b53-4428-82a6-55fbb9e17f0d
[2026-05-11 13:35:46.135] [INFO   ] [svJuegos-2] [JUEGOS] op=HEALTH_CHECK rId=675d0baf-7b50-4954-8379-40a003694d9a
[2026-05-11 13:35:56.149] [INFO   ] [svJuegos-2] [JUEGOS] op=HEALTH_CHECK rId=675d0baf-7b50-4954-8379-40a003694d9a
[2026-05-11 13:36:06.160] [INFO   ] [svJuegos-2] [JUEGOS] op=HEALTH_CHECK rId=675d0baf-7b50-4954-8379-40a003694d9a
[2026-05-11 13:36:16.173] [INFO   ] [svJuegos-2] [JUEGOS] op=HEALTH_CHECK rId=675d0baf-7b50-4954-8379-40a003694d9a
