[2026-05-11 13:17:05.617] [INFO   ] [svMensajeria-2] ════════════════════════════════════
  Componente  : svMensajeria-2
  Log archivo : logs/svMensajeria-2_0.log
════════════════════════════════════
[2026-05-11 13:17:05.697] [INFO   ] [svMensajeria-2] === svMensajeria iniciado en puerto 8383 ===
[2026-05-11 13:17:33.107] [INFO   ] [svMensajeria-2] [MSG] op=HEALTH_CHECK rId=e4537e29-7fb6-46c5-8713-f64b46b11756
[2026-05-11 13:17:48.130] [INFO   ] [svMensajeria-2] [MSG] op=HEALTH_CHECK rId=e4537e29-7fb6-46c5-8713-f64b46b11756
[2026-05-11 13:18:03.150] [INFO   ] [svMensajeria-2] [MSG] op=HEALTH_CHECK rId=e4537e29-7fb6-46c5-8713-f64b46b11756
[2026-05-11 13:18:13.169] [INFO   ] [svMensajeria-2] [MSG] op=HEALTH_CHECK rId=e4537e29-7fb6-46c5-8713-f64b46b11756
[2026-05-11 13:18:23.223] [INFO   ] [svMensajeria-2] [MSG] op=HEALTH_CHECK rId=e4537e29-7fb6-46c5-8713-f64b46b11756
[2026-05-11 13:18:33.242] [INFO   ] [svMensajeria-2] [MSG] op=HEALTH_CHECK rId=e4537e29-7fb6-46c5-8713-f64b46b11756
[2026-05-11 13:18:43.310] [INFO   ] [svMensajeria-2] [MSG] op=HEALTH_CHECK rId=e4537e29-7fb6-46c5-8713-f64b46b11756
[2026-05-11 13:18:53.340] [INFO   ] [svMensajeria-2] [MSG] op=HEALTH_CHECK rId=e4537e29-7fb6-46c5-8713-f64b46b11756
[2026-05-11 13:19:03.360] [INFO   ] [svMensajeria-2] [MSG] op=HEALTH_CHECK rId=e4537e29-7fb6-46c5-8713-f64b46b11756
[2026-05-11 13:19:13.379] [INFO   ] [svMensajeria-2] [MSG] op=HEALTH_CHECK rId=e4537e29-7fb6-46c5-8713-f64b46b11756
[2026-05-11 13:19:23.398] [INFO   ] [svMensajeria-2] [MSG] op=HEALTH_CHECK rId=e4537e29-7fb6-46c5-8713-f64b46b11756
[2026-05-11 13:19:33.419] [INFO   ] [svMensajeria-2] [MSG] op=HEALTH_CHECK rId=e4537e29-7fb6-46c5-8713-f64b46b11756
[2026-05-11 13:19:43.437] [INFO   ] [svMensajeria-2] [MSG] op=HEALTH_CHECK rId=e4537e29-7fb6-46c5-8713-f64b46b11756
[2026-05-11 13:19:53.455] [INFO   ] [svMensajeria-2] [MSG] op=HEALTH_CHECK rId=e4537e29-7fb6-46c5-8713-f64b46b11756
[2026-05-11 13:20:03.475] [INFO   ] [svMensajeria-2] [MSG] op=HEALTH_CHECK rId=e4537e29-7fb6-46c5-8713-f64b46b11756
[2026-05-11 13:20:13.494] [INFO   ] [svMensajeria-2] [MSG] op=HEALTH_CHECK rId=e4537e29-7fb6-46c5-8713-f64b46b11756
[2026-05-11 13:20:23.512] [INFO   ] [svMensajeria-2] [MSG] op=HEALTH_CHECK rId=e4537e29-7fb6-46c5-8713-f64b46b11756
[2026-05-11 13:20:33.535] [INFO   ] [svMensajeria-2] [MSG] op=HEALTH_CHECK rId=e4537e29-7fb6-46c5-8713-f64b46b11756
[2026-05-11 13:20:43.555] [INFO   ] [svMensajeria-2] [MSG] op=HEALTH_CHECK rId=e4537e29-7fb6-46c5-8713-f64b46b11756
[2026-05-11 13:20:53.572] [INFO   ] [svMensajeria-2] [MSG] op=HEALTH_CHECK rId=e4537e29-7fb6-46c5-8713-f64b46b11756
[2026-05-11 13:21:03.590] [INFO   ] [svMensajeria-2] [MSG] op=HEALTH_CHECK rId=e4537e29-7fb6-46c5-8713-f64b46b11756
[2026-05-11 13:21:13.608] [INFO   ] [svMensajeria-2] [MSG] op=HEALTH_CHECK rId=e4537e29-7fb6-46c5-8713-f64b46b11756
[2026-05-11 13:21:23.626] [INFO   ] [svMensajeria-2] [MSG] op=HEALTH_CHECK rId=e4537e29-7fb6-46c5-8713-f64b46b11756
[2026-05-11 13:21:33.643] [INFO   ] [svMensajeria-2] [MSG] op=HEALTH_CHECK rId=e4537e29-7fb6-46c5-8713-f64b46b11756
[2026-05-11 13:21:43.659] [INFO   ] [svMensajeria-2] [MSG] op=HEALTH_CHECK rId=e4537e29-7fb6-46c5-8713-f64b46b11756
[2026-05-11 13:21:53.675] [INFO   ] [svMensajeria-2] [MSG] op=HEALTH_CHECK rId=e4537e29-7fb6-46c5-8713-f64b46b11756
[2026-05-11 13:22:03.691] [INFO   ] [svMensajeria-2] [MSG] op=HEALTH_CHECK rId=e4537e29-7fb6-46c5-8713-f64b46b11756
[2026-05-11 13:22:13.706] [INFO   ] [svMensajeria-2] [MSG] op=HEALTH_CHECK rId=e4537e29-7fb6-46c5-8713-f64b46b11756
[2026-05-11 13:22:15.094] [INFO   ] [svMensajeria-2] [MSG] op=VER_MENSAJES rId=b7f48e17-9d5d-42eb-bd2e-7f8b3bd5e4e1
[2026-05-11 13:22:23.721] [INFO   ] [svMensajeria-2] [MSG] op=HEALTH_CHECK rId=e4537e29-7fb6-46c5-8713-f64b46b11756
[2026-05-11 13:22:33.737] [INFO   ] [svMensajeria-2] [MSG] op=HEALTH_CHECK rId=e4537e29-7fb6-46c5-8713-f64b46b11756
[2026-05-11 13:22:43.750] [INFO   ] [svMensajeria-2] [MSG] op=HEALTH_CHECK rId=e4537e29-7fb6-46c5-8713-f64b46b11756
[2026-05-11 13:22:53.764] [INFO   ] [svMensajeria-2] [MSG] op=HEALTH_CHECK rId=e4537e29-7fb6-46c5-8713-f64b46b11756
[2026-05-11 13:23:03.780] [INFO   ] [svMensajeria-2] [MSG] op=HEALTH_CHECK rId=e4537e29-7fb6-46c5-8713-f64b46b11756
[2026-05-11 13:23:13.794] [INFO   ] [svMensajeria-2] [MSG] op=HEALTH_CHECK rId=e4537e29-7fb6-46c5-8713-f64b46b11756
[2026-05-11 13:23:23.809] [INFO   ] [svMensajeria-2] [MSG] op=HEALTH_CHECK rId=e4537e29-7fb6-46c5-8713-f64b46b11756
[2026-05-11 13:23:33.822] [INFO   ] [svMensajeria-2] [MSG] op=HEALTH_CHECK rId=e4537e29-7fb6-46c5-8713-f64b46b11756
[2026-05-11 13:23:43.835] [INFO   ] [svMensajeria-2] [MSG] op=HEALTH_CHECK rId=e4537e29-7fb6-46c5-8713-f64b46b11756
[2026-05-11 13:23:53.848] [INFO   ] [svMensajeria-2] [MSG] op=HEALTH_CHECK rId=e4537e29-7fb6-46c5-8713-f64b46b11756
[2026-05-11 13:24:03.863] [INFO   ] [svMensajeria-2] [MSG] op=HEALTH_CHECK rId=e4537e29-7fb6-46c5-8713-f64b46b11756
[2026-05-11 13:24:13.876] [INFO   ] [svMensajeria-2] [MSG] op=HEALTH_CHECK rId=e4537e29-7fb6-46c5-8713-f64b46b11756
[2026-05-11 13:24:23.889] [INFO   ] [svMensajeria-2] [MSG] op=HEALTH_CHECK rId=e4537e29-7fb6-46c5-8713-f64b46b11756
[2026-05-11 13:24:33.903] [INFO   ] [svMensajeria-2] [MSG] op=HEALTH_CHECK rId=e4537e29-7fb6-46c5-8713-f64b46b11756
[2026-05-11 13:24:43.916] [INFO   ] [svMensajeria-2] [MSG] op=HEALTH_CHECK rId=e4537e29-7fb6-46c5-8713-f64b46b11756
[2026-05-11 13:24:53.930] [INFO   ] [svMensajeria-2] [MSG] op=HEALTH_CHECK rId=e4537e29-7fb6-46c5-8713-f64b46b11756
[2026-05-11 13:25:03.944] [INFO   ] [svMensajeria-2] [MSG] op=HEALTH_CHECK rId=e4537e29-7fb6-46c5-8713-f64b46b11756
[2026-05-11 13:25:13.956] [INFO   ] [svMensajeria-2] [MSG] op=HEALTH_CHECK rId=e4537e29-7fb6-46c5-8713-f64b46b11756
[2026-05-11 13:25:23.968] [INFO   ] [svMensajeria-2] [MSG] op=HEALTH_CHECK rId=e4537e29-7fb6-46c5-8713-f64b46b11756
[2026-05-11 13:25:33.981] [INFO   ] [svMensajeria-2] [MSG] op=HEALTH_CHECK rId=e4537e29-7fb6-46c5-8713-f64b46b11756
[2026-05-11 13:25:43.993] [INFO   ] [svMensajeria-2] [MSG] op=HEALTH_CHECK rId=e4537e29-7fb6-46c5-8713-f64b46b11756
[2026-05-11 13:25:54.006] [INFO   ] [svMensajeria-2] [MSG] op=HEALTH_CHECK rId=e4537e29-7fb6-46c5-8713-f64b46b11756
[2026-05-11 13:26:04.028] [INFO   ] [svMensajeria-2] [MSG] op=HEALTH_CHECK rId=e4537e29-7fb6-46c5-8713-f64b46b11756
[2026-05-11 13:26:14.044] [INFO   ] [svMensajeria-2] [MSG] op=HEALTH_CHECK rId=e4537e29-7fb6-46c5-8713-f64b46b11756
[2026-05-11 13:26:24.058] [INFO   ] [svMensajeria-2] [MSG] op=HEALTH_CHECK rId=e4537e29-7fb6-46c5-8713-f64b46b11756
[2026-05-11 13:26:34.073] [INFO   ] [svMensajeria-2] [MSG] op=HEALTH_CHECK rId=e4537e29-7fb6-46c5-8713-f64b46b11756
[2026-05-11 13:26:44.098] [INFO   ] [svMensajeria-2] [MSG] op=HEALTH_CHECK rId=e4537e29-7fb6-46c5-8713-f64b46b11756
[2026-05-11 13:26:54.119] [INFO   ] [svMensajeria-2] [MSG] op=HEALTH_CHECK rId=e4537e29-7fb6-46c5-8713-f64b46b11756
[2026-05-11 13:27:04.144] [INFO   ] [svMensajeria-2] [MSG] op=HEALTH_CHECK rId=e4537e29-7fb6-46c5-8713-f64b46b11756
[2026-05-11 13:27:14.164] [INFO   ] [svMensajeria-2] [MSG] op=HEALTH_CHECK rId=e4537e29-7fb6-46c5-8713-f64b46b11756
[2026-05-11 13:27:24.178] [INFO   ] [svMensajeria-2] [MSG] op=HEALTH_CHECK rId=e4537e29-7fb6-46c5-8713-f64b46b11756
[2026-05-11 13:27:44.207] [INFO   ] [svMensajeria-2] [MSG] op=HEALTH_CHECK rId=e4537e29-7fb6-46c5-8713-f64b46b11756
[2026-05-11 13:28:04.236] [INFO   ] [svMensajeria-2] [MSG] op=HEALTH_CHECK rId=e4537e29-7fb6-46c5-8713-f64b46b11756
[2026-05-11 13:28:24.248] [INFO   ] [svMensajeria-2] [MSG] op=HEALTH_CHECK rId=e4537e29-7fb6-46c5-8713-f64b46b11756
[2026-05-11 13:28:44.263] [INFO   ] [svMensajeria-2] [MSG] op=HEALTH_CHECK rId=e4537e29-7fb6-46c5-8713-f64b46b11756
[2026-05-11 13:29:00.564] [INFO   ] [svMensajeria-2] [MSG] op=HEALTH_CHECK rId=e4537e29-7fb6-46c5-8713-f64b46b11756
[2026-05-11 13:29:15.580] [INFO   ] [svMensajeria-2] [MSG] op=HEALTH_CHECK rId=e4537e29-7fb6-46c5-8713-f64b46b11756
[2026-05-11 13:29:40.589] [INFO   ] [svMensajeria-2] [MSG] op=HEALTH_CHECK rId=fdd0153b-469d-4459-93bc-a04c7e75268e
[2026-05-11 13:29:55.606] [INFO   ] [svMensajeria-2] [MSG] op=HEALTH_CHECK rId=fdd0153b-469d-4459-93bc-a04c7e75268e
[2026-05-11 13:30:10.622] [INFO   ] [svMensajeria-2] [MSG] op=HEALTH_CHECK rId=fdd0153b-469d-4459-93bc-a04c7e75268e
[2026-05-11 13:30:25.638] [INFO   ] [svMensajeria-2] [MSG] op=HEALTH_CHECK rId=fdd0153b-469d-4459-93bc-a04c7e75268e
[2026-05-11 13:30:40.652] [INFO   ] [svMensajeria-2] [MSG] op=HEALTH_CHECK rId=fdd0153b-469d-4459-93bc-a04c7e75268e
[2026-05-11 13:30:55.664] [INFO   ] [svMensajeria-2] [MSG] op=HEALTH_CHECK rId=fdd0153b-469d-4459-93bc-a04c7e75268e
[2026-05-11 13:31:10.679] [INFO   ] [svMensajeria-2] [MSG] op=HEALTH_CHECK rId=fdd0153b-469d-4459-93bc-a04c7e75268e
[2026-05-11 13:31:25.704] [INFO   ] [svMensajeria-2] [MSG] op=HEALTH_CHECK rId=fdd0153b-469d-4459-93bc-a04c7e75268e
[2026-05-11 13:31:40.731] [INFO   ] [svMensajeria-2] [MSG] op=HEALTH_CHECK rId=fdd0153b-469d-4459-93bc-a04c7e75268e
[2026-05-11 13:31:55.744] [INFO   ] [svMensajeria-2] [MSG] op=HEALTH_CHECK rId=fdd0153b-469d-4459-93bc-a04c7e75268e
[2026-05-11 13:32:10.757] [INFO   ] [svMensajeria-2] [MSG] op=HEALTH_CHECK rId=fdd0153b-469d-4459-93bc-a04c7e75268e
[2026-05-11 13:32:25.397] [INFO   ] [svMensajeria-2] [MSG] op=HEALTH_CHECK rId=fdd0153b-469d-4459-93bc-a04c7e75268e
[2026-05-11 13:34:15.982] [INFO   ] [svMensajeria-2] [MSG] op=HEALTH_CHECK rId=675d0baf-7b50-4954-8379-40a003694d9a
[2026-05-11 13:34:25.992] [INFO   ] [svMensajeria-2] [MSG] op=HEALTH_CHECK rId=675d0baf-7b50-4954-8379-40a003694d9a
[2026-05-11 13:34:36.047] [INFO   ] [svMensajeria-2] [MSG] op=HEALTH_CHECK rId=675d0baf-7b50-4954-8379-40a003694d9a
[2026-05-11 13:34:46.060] [INFO   ] [svMensajeria-2] [MSG] op=HEALTH_CHECK rId=675d0baf-7b50-4954-8379-40a003694d9a
[2026-05-11 13:34:56.074] [INFO   ] [svMensajeria-2] [MSG] op=HEALTH_CHECK rId=675d0baf-7b50-4954-8379-40a003694d9a
[2026-05-11 13:35:06.088] [INFO   ] [svMensajeria-2] [MSG] op=HEALTH_CHECK rId=675d0baf-7b50-4954-8379-40a003694d9a
[2026-05-11 13:35:16.100] [INFO   ] [svMensajeria-2] [MSG] op=HEALTH_CHECK rId=675d0baf-7b50-4954-8379-40a003694d9a
[2026-05-11 13:35:26.114] [INFO   ] [svMensajeria-2] [MSG] op=HEALTH_CHECK rId=675d0baf-7b50-4954-8379-40a003694d9a
[2026-05-11 13:35:36.125] [INFO   ] [svMensajeria-2] [MSG] op=HEALTH_CHECK rId=675d0baf-7b50-4954-8379-40a003694d9a
[2026-05-11 13:35:46.139] [INFO   ] [svMensajeria-2] [MSG] op=HEALTH_CHECK rId=675d0baf-7b50-4954-8379-40a003694d9a
[2026-05-11 13:35:56.152] [INFO   ] [svMensajeria-2] [MSG] op=HEALTH_CHECK rId=675d0baf-7b50-4954-8379-40a003694d9a
[2026-05-11 13:36:06.164] [INFO   ] [svMensajeria-2] [MSG] op=HEALTH_CHECK rId=675d0baf-7b50-4954-8379-40a003694d9a
[2026-05-11 13:36:16.178] [INFO   ] [svMensajeria-2] [MSG] op=HEALTH_CHECK rId=675d0baf-7b50-4954-8379-40a003694d9a
