[2026-05-11 13:16:51.074] [INFO   ] [svMensajeria-1] ════════════════════════════════════
  Componente  : svMensajeria-1
  Log archivo : logs/svMensajeria-1_0.log
════════════════════════════════════
[2026-05-11 13:16:51.155] [INFO   ] [svMensajeria-1] === svMensajeria iniciado en puerto 8083 ===
[2026-05-11 13:17:33.066] [INFO   ] [svMensajeria-1] [MSG] op=HEALTH_CHECK rId=e4537e29-7fb6-46c5-8713-f64b46b11756
[2026-05-11 13:17:48.126] [INFO   ] [svMensajeria-1] [MSG] op=HEALTH_CHECK rId=e4537e29-7fb6-46c5-8713-f64b46b11756
[2026-05-11 13:18:03.146] [INFO   ] [svMensajeria-1] [MSG] op=HEALTH_CHECK rId=e4537e29-7fb6-46c5-8713-f64b46b11756
[2026-05-11 13:18:13.165] [INFO   ] [svMensajeria-1] [MSG] op=HEALTH_CHECK rId=e4537e29-7fb6-46c5-8713-f64b46b11756
[2026-05-11 13:18:23.219] [INFO   ] [svMensajeria-1] [MSG] op=HEALTH_CHECK rId=e4537e29-7fb6-46c5-8713-f64b46b11756
[2026-05-11 13:18:33.239] [INFO   ] [svMensajeria-1] [MSG] op=HEALTH_CHECK rId=e4537e29-7fb6-46c5-8713-f64b46b11756
[2026-05-11 13:18:43.307] [INFO   ] [svMensajeria-1] [MSG] op=HEALTH_CHECK rId=e4537e29-7fb6-46c5-8713-f64b46b11756
[2026-05-11 13:18:53.337] [INFO   ] [svMensajeria-1] [MSG] op=HEALTH_CHECK rId=e4537e29-7fb6-46c5-8713-f64b46b11756
[2026-05-11 13:19:03.358] [INFO   ] [svMensajeria-1] [MSG] op=HEALTH_CHECK rId=e4537e29-7fb6-46c5-8713-f64b46b11756
[2026-05-11 13:19:13.377] [INFO   ] [svMensajeria-1] [MSG] op=HEALTH_CHECK rId=e4537e29-7fb6-46c5-8713-f64b46b11756
[2026-05-11 13:19:23.396] [INFO   ] [svMensajeria-1] [MSG] op=HEALTH_CHECK rId=e4537e29-7fb6-46c5-8713-f64b46b11756
[2026-05-11 13:19:33.416] [INFO   ] [svMensajeria-1] [MSG] op=HEALTH_CHECK rId=e4537e29-7fb6-46c5-8713-f64b46b11756
[2026-05-11 13:19:42.159] [INFO   ] [svMensajeria-1] [MSG] op=ENVIAR_MENSAJE rId=ac714a2b-94ed-426e-bdf9-de01d7a2ca0c
[2026-05-11 13:19:43.435] [INFO   ] [svMensajeria-1] [MSG] op=HEALTH_CHECK rId=e4537e29-7fb6-46c5-8713-f64b46b11756
[2026-05-11 13:19:53.453] [INFO   ] [svMensajeria-1] [MSG] op=HEALTH_CHECK rId=e4537e29-7fb6-46c5-8713-f64b46b11756
[2026-05-11 13:20:03.472] [INFO   ] [svMensajeria-1] [MSG] op=HEALTH_CHECK rId=e4537e29-7fb6-46c5-8713-f64b46b11756
[2026-05-11 13:20:13.492] [INFO   ] [svMensajeria-1] [MSG] op=HEALTH_CHECK rId=e4537e29-7fb6-46c5-8713-f64b46b11756
[2026-05-11 13:20:23.509] [INFO   ] [svMensajeria-1] [MSG] op=HEALTH_CHECK rId=e4537e29-7fb6-46c5-8713-f64b46b11756
[2026-05-11 13:20:33.532] [INFO   ] [svMensajeria-1] [MSG] op=HEALTH_CHECK rId=e4537e29-7fb6-46c5-8713-f64b46b11756
[2026-05-11 13:20:43.552] [INFO   ] [svMensajeria-1] [MSG] op=HEALTH_CHECK rId=e4537e29-7fb6-46c5-8713-f64b46b11756
[2026-05-11 13:20:53.570] [INFO   ] [svMensajeria-1] [MSG] op=HEALTH_CHECK rId=e4537e29-7fb6-46c5-8713-f64b46b11756
[2026-05-11 13:21:03.588] [INFO   ] [svMensajeria-1] [MSG] op=HEALTH_CHECK rId=e4537e29-7fb6-46c5-8713-f64b46b11756
[2026-05-11 13:21:13.605] [INFO   ] [svMensajeria-1] [MSG] op=HEALTH_CHECK rId=e4537e29-7fb6-46c5-8713-f64b46b11756
[2026-05-11 13:21:23.624] [INFO   ] [svMensajeria-1] [MSG] op=HEALTH_CHECK rId=e4537e29-7fb6-46c5-8713-f64b46b11756
[2026-05-11 13:21:33.640] [INFO   ] [svMensajeria-1] [MSG] op=HEALTH_CHECK rId=e4537e29-7fb6-46c5-8713-f64b46b11756
[2026-05-11 13:21:43.657] [INFO   ] [svMensajeria-1] [MSG] op=HEALTH_CHECK rId=e4537e29-7fb6-46c5-8713-f64b46b11756
[2026-05-11 13:21:53.672] [INFO   ] [svMensajeria-1] [MSG] op=HEALTH_CHECK rId=e4537e29-7fb6-46c5-8713-f64b46b11756
[2026-05-11 13:22:03.688] [INFO   ] [svMensajeria-1] [MSG] op=HEALTH_CHECK rId=e4537e29-7fb6-46c5-8713-f64b46b11756
[2026-05-11 13:22:13.703] [INFO   ] [svMensajeria-1] [MSG] op=HEALTH_CHECK rId=e4537e29-7fb6-46c5-8713-f64b46b11756
[2026-05-11 13:22:21.032] [INFO   ] [svMensajeria-1] [MSG] op=VER_CONVERSACION rId=c686db6b-502e-4ad4-9e4f-cb3f36098f10
[2026-05-11 13:22:23.719] [INFO   ] [svMensajeria-1] [MSG] op=HEALTH_CHECK rId=e4537e29-7fb6-46c5-8713-f64b46b11756
[2026-05-11 13:22:33.734] [INFO   ] [svMensajeria-1] [MSG] op=HEALTH_CHECK rId=e4537e29-7fb6-46c5-8713-f64b46b11756
[2026-05-11 13:22:43.748] [INFO   ] [svMensajeria-1] [MSG] op=HEALTH_CHECK rId=e4537e29-7fb6-46c5-8713-f64b46b11756
[2026-05-11 13:22:53.762] [INFO   ] [svMensajeria-1] [MSG] op=HEALTH_CHECK rId=e4537e29-7fb6-46c5-8713-f64b46b11756
[2026-05-11 13:23:03.778] [INFO   ] [svMensajeria-1] [MSG] op=HEALTH_CHECK rId=e4537e29-7fb6-46c5-8713-f64b46b11756
[2026-05-11 13:23:13.792] [INFO   ] [svMensajeria-1] [MSG] op=HEALTH_CHECK rId=e4537e29-7fb6-46c5-8713-f64b46b11756
[2026-05-11 13:23:23.807] [INFO   ] [svMensajeria-1] [MSG] op=HEALTH_CHECK rId=e4537e29-7fb6-46c5-8713-f64b46b11756
[2026-05-11 13:23:33.820] [INFO   ] [svMensajeria-1] [MSG] op=HEALTH_CHECK rId=e4537e29-7fb6-46c5-8713-f64b46b11756
[2026-05-11 13:23:43.832] [INFO   ] [svMensajeria-1] [MSG] op=HEALTH_CHECK rId=e4537e29-7fb6-46c5-8713-f64b46b11756
[2026-05-11 13:23:53.846] [INFO   ] [svMensajeria-1] [MSG] op=HEALTH_CHECK rId=e4537e29-7fb6-46c5-8713-f64b46b11756
[2026-05-11 13:24:03.861] [INFO   ] [svMensajeria-1] [MSG] op=HEALTH_CHECK rId=e4537e29-7fb6-46c5-8713-f64b46b11756
[2026-05-11 13:24:13.874] [INFO   ] [svMensajeria-1] [MSG] op=HEALTH_CHECK rId=e4537e29-7fb6-46c5-8713-f64b46b11756
[2026-05-11 13:24:23.887] [INFO   ] [svMensajeria-1] [MSG] op=HEALTH_CHECK rId=e4537e29-7fb6-46c5-8713-f64b46b11756
[2026-05-11 13:24:33.900] [INFO   ] [svMensajeria-1] [MSG] op=HEALTH_CHECK rId=e4537e29-7fb6-46c5-8713-f64b46b11756
[2026-05-11 13:24:43.914] [INFO   ] [svMensajeria-1] [MSG] op=HEALTH_CHECK rId=e4537e29-7fb6-46c5-8713-f64b46b11756
[2026-05-11 13:24:53.928] [INFO   ] [svMensajeria-1] [MSG] op=HEALTH_CHECK rId=e4537e29-7fb6-46c5-8713-f64b46b11756
[2026-05-11 13:25:03.942] [INFO   ] [svMensajeria-1] [MSG] op=HEALTH_CHECK rId=e4537e29-7fb6-46c5-8713-f64b46b11756
[2026-05-11 13:25:13.954] [INFO   ] [svMensajeria-1] [MSG] op=HEALTH_CHECK rId=e4537e29-7fb6-46c5-8713-f64b46b11756
[2026-05-11 13:25:23.966] [INFO   ] [svMensajeria-1] [MSG] op=HEALTH_CHECK rId=e4537e29-7fb6-46c5-8713-f64b46b11756
[2026-05-11 13:25:33.979] [INFO   ] [svMensajeria-1] [MSG] op=HEALTH_CHECK rId=e4537e29-7fb6-46c5-8713-f64b46b11756
[2026-05-11 13:25:43.992] [INFO   ] [svMensajeria-1] [MSG] op=HEALTH_CHECK rId=e4537e29-7fb6-46c5-8713-f64b46b11756
[2026-05-11 13:25:54.005] [INFO   ] [svMensajeria-1] [MSG] op=HEALTH_CHECK rId=e4537e29-7fb6-46c5-8713-f64b46b11756
[2026-05-11 13:26:04.025] [INFO   ] [svMensajeria-1] [MSG] op=HEALTH_CHECK rId=e4537e29-7fb6-46c5-8713-f64b46b11756
[2026-05-11 13:26:14.041] [INFO   ] [svMensajeria-1] [MSG] op=HEALTH_CHECK rId=e4537e29-7fb6-46c5-8713-f64b46b11756
[2026-05-11 13:26:24.056] [INFO   ] [svMensajeria-1] [MSG] op=HEALTH_CHECK rId=e4537e29-7fb6-46c5-8713-f64b46b11756
[2026-05-11 13:26:34.070] [INFO   ] [svMensajeria-1] [MSG] op=HEALTH_CHECK rId=e4537e29-7fb6-46c5-8713-f64b46b11756
[2026-05-11 13:26:44.095] [INFO   ] [svMensajeria-1] [MSG] op=HEALTH_CHECK rId=e4537e29-7fb6-46c5-8713-f64b46b11756
[2026-05-11 13:26:54.117] [INFO   ] [svMensajeria-1] [MSG] op=HEALTH_CHECK rId=e4537e29-7fb6-46c5-8713-f64b46b11756
[2026-05-11 13:27:04.142] [INFO   ] [svMensajeria-1] [MSG] op=HEALTH_CHECK rId=e4537e29-7fb6-46c5-8713-f64b46b11756
[2026-05-11 13:27:14.163] [INFO   ] [svMensajeria-1] [MSG] op=HEALTH_CHECK rId=e4537e29-7fb6-46c5-8713-f64b46b11756
[2026-05-11 13:27:24.176] [INFO   ] [svMensajeria-1] [MSG] op=HEALTH_CHECK rId=e4537e29-7fb6-46c5-8713-f64b46b11756
[2026-05-11 13:27:44.204] [INFO   ] [svMensajeria-1] [MSG] op=HEALTH_CHECK rId=e4537e29-7fb6-46c5-8713-f64b46b11756
[2026-05-11 13:28:04.234] [INFO   ] [svMensajeria-1] [MSG] op=HEALTH_CHECK rId=e4537e29-7fb6-46c5-8713-f64b46b11756
[2026-05-11 13:28:24.247] [INFO   ] [svMensajeria-1] [MSG] op=HEALTH_CHECK rId=e4537e29-7fb6-46c5-8713-f64b46b11756
[2026-05-11 13:28:44.261] [INFO   ] [svMensajeria-1] [MSG] op=HEALTH_CHECK rId=e4537e29-7fb6-46c5-8713-f64b46b11756
[2026-05-11 13:29:00.563] [INFO   ] [svMensajeria-1] [MSG] op=HEALTH_CHECK rId=e4537e29-7fb6-46c5-8713-f64b46b11756
[2026-05-11 13:29:15.578] [INFO   ] [svMensajeria-1] [MSG] op=HEALTH_CHECK rId=e4537e29-7fb6-46c5-8713-f64b46b11756
[2026-05-11 13:29:40.585] [INFO   ] [svMensajeria-1] [MSG] op=HEALTH_CHECK rId=fdd0153b-469d-4459-93bc-a04c7e75268e
[2026-05-11 13:29:55.604] [INFO   ] [svMensajeria-1] [MSG] op=HEALTH_CHECK rId=fdd0153b-469d-4459-93bc-a04c7e75268e
[2026-05-11 13:30:10.620] [INFO   ] [svMensajeria-1] [MSG] op=HEALTH_CHECK rId=fdd0153b-469d-4459-93bc-a04c7e75268e
[2026-05-11 13:30:25.635] [INFO   ] [svMensajeria-1] [MSG] op=HEALTH_CHECK rId=fdd0153b-469d-4459-93bc-a04c7e75268e
[2026-05-11 13:30:40.650] [INFO   ] [svMensajeria-1] [MSG] op=HEALTH_CHECK rId=fdd0153b-469d-4459-93bc-a04c7e75268e
[2026-05-11 13:30:55.663] [INFO   ] [svMensajeria-1] [MSG] op=HEALTH_CHECK rId=fdd0153b-469d-4459-93bc-a04c7e75268e
[2026-05-11 13:31:10.677] [INFO   ] [svMensajeria-1] [MSG] op=HEALTH_CHECK rId=fdd0153b-469d-4459-93bc-a04c7e75268e
[2026-05-11 13:31:25.702] [INFO   ] [svMensajeria-1] [MSG] op=HEALTH_CHECK rId=fdd0153b-469d-4459-93bc-a04c7e75268e
[2026-05-11 13:31:40.729] [INFO   ] [svMensajeria-1] [MSG] op=HEALTH_CHECK rId=fdd0153b-469d-4459-93bc-a04c7e75268e
[2026-05-11 13:31:55.742] [INFO   ] [svMensajeria-1] [MSG] op=HEALTH_CHECK rId=fdd0153b-469d-4459-93bc-a04c7e75268e
[2026-05-11 13:32:10.755] [INFO   ] [svMensajeria-1] [MSG] op=HEALTH_CHECK rId=fdd0153b-469d-4459-93bc-a04c7e75268e
[2026-05-11 13:32:25.396] [INFO   ] [svMensajeria-1] [MSG] op=HEALTH_CHECK rId=fdd0153b-469d-4459-93bc-a04c7e75268e
[2026-05-11 13:34:15.980] [INFO   ] [svMensajeria-1] [MSG] op=HEALTH_CHECK rId=675d0baf-7b50-4954-8379-40a003694d9a
[2026-05-11 13:34:25.990] [INFO   ] [svMensajeria-1] [MSG] op=HEALTH_CHECK rId=675d0baf-7b50-4954-8379-40a003694d9a
[2026-05-11 13:34:36.045] [INFO   ] [svMensajeria-1] [MSG] op=HEALTH_CHECK rId=675d0baf-7b50-4954-8379-40a003694d9a
[2026-05-11 13:34:46.059] [INFO   ] [svMensajeria-1] [MSG] op=HEALTH_CHECK rId=675d0baf-7b50-4954-8379-40a003694d9a
[2026-05-11 13:34:56.072] [INFO   ] [svMensajeria-1] [MSG] op=HEALTH_CHECK rId=675d0baf-7b50-4954-8379-40a003694d9a
[2026-05-11 13:35:06.085] [INFO   ] [svMensajeria-1] [MSG] op=HEALTH_CHECK rId=675d0baf-7b50-4954-8379-40a003694d9a
[2026-05-11 13:35:16.097] [INFO   ] [svMensajeria-1] [MSG] op=HEALTH_CHECK rId=675d0baf-7b50-4954-8379-40a003694d9a
[2026-05-11 13:35:26.112] [INFO   ] [svMensajeria-1] [MSG] op=HEALTH_CHECK rId=675d0baf-7b50-4954-8379-40a003694d9a
[2026-05-11 13:35:36.123] [INFO   ] [svMensajeria-1] [MSG] op=HEALTH_CHECK rId=675d0baf-7b50-4954-8379-40a003694d9a
[2026-05-11 13:35:46.137] [INFO   ] [svMensajeria-1] [MSG] op=HEALTH_CHECK rId=675d0baf-7b50-4954-8379-40a003694d9a
[2026-05-11 13:35:55.131] [INFO   ] [svMensajeria-1] [MSG] op=ENVIAR_MENSAJE rId=3a2579dc-4ea5-4e37-938f-a852917d053c
[2026-05-11 13:35:56.150] [INFO   ] [svMensajeria-1] [MSG] op=HEALTH_CHECK rId=675d0baf-7b50-4954-8379-40a003694d9a
[2026-05-11 13:36:06.162] [INFO   ] [svMensajeria-1] [MSG] op=HEALTH_CHECK rId=675d0baf-7b50-4954-8379-40a003694d9a
[2026-05-11 13:36:16.175] [INFO   ] [svMensajeria-1] [MSG] op=HEALTH_CHECK rId=675d0baf-7b50-4954-8379-40a003694d9a
